<?xml version="1.0" encoding="UTF-8"?>
<!-- Generated by org.testng.reporters.JUnitReportReporter -->
<testsuite skipped="0" hostname="ASAMOKAN5121107" name="gov.usda.tco.atc.Runner.LIP_Runner" tests="1" failures="0" timestamp="25 May 2018 16:54:24 GMT" time="34.364" errors="0">
  <testcase name="feature" time="34.364" classname="gov.usda.tco.atc.Runner.LIP_Runner"/>
</testsuite> <!-- gov.usda.tco.atc.Runner.LIP_Runner -->
